<?xml version="1.0" encoding="UTF-8"?>
<testng-results skipped="0" failed="0" ignored="0" total="1" passed="1">
  <reporter-output>
  </reporter-output>
  <suite name="suite name" duration-ms="71" started-at="2020-07-22T14:16:42 IST" finished-at="2020-07-22T14:16:42 IST">
    <groups>
    </groups>
    <test name="test name" duration-ms="71" started-at="2020-07-22T14:16:42 IST" finished-at="2020-07-22T14:16:42 IST">
      <class name="testNG.SampleTestCase">
        <test-method status="PASS" signature="firstCase()[pri:0, instance:testNG.SampleTestCase@185d8b6]" name="firstCase" duration-ms="14" started-at="2020-07-22T14:16:42 IST" finished-at="2020-07-22T14:16:42 IST">
          <reporter-output>
          </reporter-output>
        </test-method> <!-- firstCase -->
      </class> <!-- testNG.SampleTestCase -->
    </test> <!-- test name -->
  </suite> <!-- suite name -->
</testng-results>
